<?xml version="1.0" encoding="UTF-8"?>
<!-- Generated by org.testng.reporters.JUnitXMLReporter -->
<testsuite ignored="2" hostname="DESKTOP-ICEBNMT" failures="2" tests="2" name="Test" time="59.319" errors="0" timestamp="2023-05-29T11:48:13 IST">
  <testcase classname="studentManagementSystemGenericUtils.BaseClass" name="@AfterMethod configureAfterMethod" time="1.173">
    <failure type="org.openqa.selenium.ElementClickInterceptedException" message="element click intercepted: Element &amp;lt;img src=&amp;quot;../uploads/20170923124105.jpg&amp;quot; class=&amp;quot;user-image&amp;quot; alt=&amp;quot;User Image&amp;quot;&amp;gt; is not clickable at point (1342, 25). Other element would receive the click: &amp;lt;div class=&amp;quot;modal msk-fade in&amp;quot; id=&amp;quot;modalInsertform&amp;quot; tabindex=&amp;quot;-1&amp;quot; role=&amp;quot;dialog&amp;quot; aria-labelledby=&amp;quot;modalInsertform&amp;quot; aria-hidden=&amp;quot;false&amp;quot; style=&amp;quot;display: block;&amp;quot;&amp;gt;...&amp;lt;/div&amp;gt;
  (Session info: chrome=113.0.5672.127)
Build info: version: &amp;apos;4.9.0&amp;apos;, revision: &amp;apos;d7057100a6&amp;apos;
System info: os.name: &amp;apos;Windows 11&amp;apos;, os.arch: &amp;apos;amd64&amp;apos;, os.version: &amp;apos;10.0&amp;apos;, java.version: &amp;apos;17.0.7&amp;apos;
Driver info: org.openqa.selenium.chrome.ChromeDriver
Command: [2dccc03bd25acf4d74c0addae401eea1, clickElement {id=036C071A59378CACEDE05B44096C72D8_element_39}]
Capabilities {acceptInsecureCerts: false, browserName: chrome, browserVersion: 113.0.5672.127, chrome: {chromedriverVersion: 113.0.5672.63 (0e1a4471d5ae..., userDataDir: C:\Users\dell\AppData\Local...}, goog:chromeOptions: {debuggerAddress: localhost:51022}, networkConnectionEnabled: false, pageLoadStrategy: normal, platformName: WINDOWS, proxy: Proxy(), se:cdp: ws://localhost:51022/devtoo..., se:cdpVersion: 113.0.5672.127, setWindowRect: true, strictFileInteractability: false, timeouts: {implicit: 0, pageLoad: 300000, script: 30000}, unhandledPromptBehavior: dismiss and notify, webauthn:extension:credBlob: true, webauthn:extension:largeBlob: true, webauthn:extension:minPinLength: true, webauthn:extension:prf: true, webauthn:virtualAuthenticators: true}
Element: [[ChromeDriver: chrome on WINDOWS (2dccc03bd25acf4d74c0addae401eea1)] -&amp;gt; xpath: //img[@class=&amp;apos;user-image&amp;apos;]]
Session ID: 2dccc03bd25acf4d74c0addae401eea1">
      <![CDATA[org.openqa.selenium.ElementClickInterceptedException: element click intercepted: Element <img src="../uploads/20170923124105.jpg" class="user-image" alt="User Image"> is not clickable at point (1342, 25). Other element would receive the click: <div class="modal msk-fade in" id="modalInsertform" tabindex="-1" role="dialog" aria-labelledby="modalInsertform" aria-hidden="false" style="display: block;">...</div>
  (Session info: chrome=113.0.5672.127)
Build info: version: '4.9.0', revision: 'd7057100a6'
System info: os.name: 'Windows 11', os.arch: 'amd64', os.version: '10.0', java.version: '17.0.7'
Driver info: org.openqa.selenium.chrome.ChromeDriver
Command: [2dccc03bd25acf4d74c0addae401eea1, clickElement {id=036C071A59378CACEDE05B44096C72D8_element_39}]
Capabilities {acceptInsecureCerts: false, browserName: chrome, browserVersion: 113.0.5672.127, chrome: {chromedriverVersion: 113.0.5672.63 (0e1a4471d5ae..., userDataDir: C:\Users\dell\AppData\Local...}, goog:chromeOptions: {debuggerAddress: localhost:51022}, networkConnectionEnabled: false, pageLoadStrategy: normal, platformName: WINDOWS, proxy: Proxy(), se:cdp: ws://localhost:51022/devtoo..., se:cdpVersion: 113.0.5672.127, setWindowRect: true, strictFileInteractability: false, timeouts: {implicit: 0, pageLoad: 300000, script: 30000}, unhandledPromptBehavior: dismiss and notify, webauthn:extension:credBlob: true, webauthn:extension:largeBlob: true, webauthn:extension:minPinLength: true, webauthn:extension:prf: true, webauthn:virtualAuthenticators: true}
Element: [[ChromeDriver: chrome on WINDOWS (2dccc03bd25acf4d74c0addae401eea1)] -> xpath: //img[@class='user-image']]
Session ID: 2dccc03bd25acf4d74c0addae401eea1
at org.openqa.selenium.remote.codec.w3c.W3CHttpResponseCodec.createException(W3CHttpResponseCodec.java:200)
at org.openqa.selenium.remote.codec.w3c.W3CHttpResponseCodec.decode(W3CHttpResponseCodec.java:133)
at org.openqa.selenium.remote.codec.w3c.W3CHttpResponseCodec.decode(W3CHttpResponseCodec.java:53)
at org.openqa.selenium.remote.HttpCommandExecutor.execute(HttpCommandExecutor.java:193)
at org.openqa.selenium.remote.service.DriverCommandExecutor.invokeExecute(DriverCommandExecutor.java:183)
at org.openqa.selenium.remote.service.DriverCommandExecutor.execute(DriverCommandExecutor.java:158)
at org.openqa.selenium.remote.RemoteWebDriver.execute(RemoteWebDriver.java:543)
at org.openqa.selenium.remote.RemoteWebElement.execute(RemoteWebElement.java:257)
at org.openqa.selenium.remote.RemoteWebElement.click(RemoteWebElement.java:78)
at org.openqa.selenium.support.pagefactory.internal.LocatingElementHandler.invoke(LocatingElementHandler.java:52)
at jdk.proxy2/jdk.proxy2.$Proxy20.click(Unknown Source)
at Com.Edu.ObjectRepo.AdminDashboardPage.signOut(AdminDashboardPage.java:284)
at studentManagementSystemGenericUtils.BaseClass.configureAfterMethod(BaseClass.java:79)
at java.base/java.util.ArrayList.forEach(ArrayList.java:1511)
... Removed 41 stack frames]]>
    </failure>
  </testcase> <!-- @AfterMethod configureAfterMethod -->
  <testcase classname="studentManagementSystemGenericUtils.BaseClass" name="@AfterClass configureAfterClass" time="-1.685341066153E9">
    <skipped/>
  </testcase> <!-- @AfterClass configureAfterClass -->
  <testcase classname="studentManagementSystemGenericUtils.BaseClass" name="@AfterMethod configureAfterMethod" time="1.126">
    <failure type="org.openqa.selenium.ElementClickInterceptedException" message="element click intercepted: Element &amp;lt;img src=&amp;quot;../uploads/20170923124105.jpg&amp;quot; class=&amp;quot;user-image&amp;quot; alt=&amp;quot;User Image&amp;quot;&amp;gt; is not clickable at point (1342, 25). Other element would receive the click: &amp;lt;div class=&amp;quot;modal msk-fade in&amp;quot; id=&amp;quot;modalInsertform&amp;quot; tabindex=&amp;quot;-1&amp;quot; role=&amp;quot;dialog&amp;quot; aria-labelledby=&amp;quot;modalInsertform&amp;quot; aria-hidden=&amp;quot;false&amp;quot; style=&amp;quot;display: block;&amp;quot;&amp;gt;...&amp;lt;/div&amp;gt;
  (Session info: chrome=113.0.5672.127)
Build info: version: &amp;apos;4.9.0&amp;apos;, revision: &amp;apos;d7057100a6&amp;apos;
System info: os.name: &amp;apos;Windows 11&amp;apos;, os.arch: &amp;apos;amd64&amp;apos;, os.version: &amp;apos;10.0&amp;apos;, java.version: &amp;apos;17.0.7&amp;apos;
Driver info: org.openqa.selenium.chrome.ChromeDriver
Command: [828a9ec94bed671c0b3a22f7459ec013, clickElement {id=BA6C7716DD1326672E1975032B60A648_element_143}]
Capabilities {acceptInsecureCerts: false, browserName: chrome, browserVersion: 113.0.5672.127, chrome: {chromedriverVersion: 113.0.5672.63 (0e1a4471d5ae..., userDataDir: C:\Users\dell\AppData\Local...}, goog:chromeOptions: {debuggerAddress: localhost:51139}, networkConnectionEnabled: false, pageLoadStrategy: normal, platformName: WINDOWS, proxy: Proxy(), se:cdp: ws://localhost:51139/devtoo..., se:cdpVersion: 113.0.5672.127, setWindowRect: true, strictFileInteractability: false, timeouts: {implicit: 0, pageLoad: 300000, script: 30000}, unhandledPromptBehavior: dismiss and notify, webauthn:extension:credBlob: true, webauthn:extension:largeBlob: true, webauthn:extension:minPinLength: true, webauthn:extension:prf: true, webauthn:virtualAuthenticators: true}
Element: [[ChromeDriver: chrome on WINDOWS (828a9ec94bed671c0b3a22f7459ec013)] -&amp;gt; xpath: //img[@class=&amp;apos;user-image&amp;apos;]]
Session ID: 828a9ec94bed671c0b3a22f7459ec013">
      <![CDATA[org.openqa.selenium.ElementClickInterceptedException: element click intercepted: Element <img src="../uploads/20170923124105.jpg" class="user-image" alt="User Image"> is not clickable at point (1342, 25). Other element would receive the click: <div class="modal msk-fade in" id="modalInsertform" tabindex="-1" role="dialog" aria-labelledby="modalInsertform" aria-hidden="false" style="display: block;">...</div>
  (Session info: chrome=113.0.5672.127)
Build info: version: '4.9.0', revision: 'd7057100a6'
System info: os.name: 'Windows 11', os.arch: 'amd64', os.version: '10.0', java.version: '17.0.7'
Driver info: org.openqa.selenium.chrome.ChromeDriver
Command: [828a9ec94bed671c0b3a22f7459ec013, clickElement {id=BA6C7716DD1326672E1975032B60A648_element_143}]
Capabilities {acceptInsecureCerts: false, browserName: chrome, browserVersion: 113.0.5672.127, chrome: {chromedriverVersion: 113.0.5672.63 (0e1a4471d5ae..., userDataDir: C:\Users\dell\AppData\Local...}, goog:chromeOptions: {debuggerAddress: localhost:51139}, networkConnectionEnabled: false, pageLoadStrategy: normal, platformName: WINDOWS, proxy: Proxy(), se:cdp: ws://localhost:51139/devtoo..., se:cdpVersion: 113.0.5672.127, setWindowRect: true, strictFileInteractability: false, timeouts: {implicit: 0, pageLoad: 300000, script: 30000}, unhandledPromptBehavior: dismiss and notify, webauthn:extension:credBlob: true, webauthn:extension:largeBlob: true, webauthn:extension:minPinLength: true, webauthn:extension:prf: true, webauthn:virtualAuthenticators: true}
Element: [[ChromeDriver: chrome on WINDOWS (828a9ec94bed671c0b3a22f7459ec013)] -> xpath: //img[@class='user-image']]
Session ID: 828a9ec94bed671c0b3a22f7459ec013
at org.openqa.selenium.remote.codec.w3c.W3CHttpResponseCodec.createException(W3CHttpResponseCodec.java:200)
at org.openqa.selenium.remote.codec.w3c.W3CHttpResponseCodec.decode(W3CHttpResponseCodec.java:133)
at org.openqa.selenium.remote.codec.w3c.W3CHttpResponseCodec.decode(W3CHttpResponseCodec.java:53)
at org.openqa.selenium.remote.HttpCommandExecutor.execute(HttpCommandExecutor.java:193)
at org.openqa.selenium.remote.service.DriverCommandExecutor.invokeExecute(DriverCommandExecutor.java:183)
at org.openqa.selenium.remote.service.DriverCommandExecutor.execute(DriverCommandExecutor.java:158)
at org.openqa.selenium.remote.RemoteWebDriver.execute(RemoteWebDriver.java:543)
at org.openqa.selenium.remote.RemoteWebElement.execute(RemoteWebElement.java:257)
at org.openqa.selenium.remote.RemoteWebElement.click(RemoteWebElement.java:78)
at org.openqa.selenium.support.pagefactory.internal.LocatingElementHandler.invoke(LocatingElementHandler.java:52)
at jdk.proxy2/jdk.proxy2.$Proxy20.click(Unknown Source)
at Com.Edu.ObjectRepo.AdminDashboardPage.signOut(AdminDashboardPage.java:284)
at studentManagementSystemGenericUtils.BaseClass.configureAfterMethod(BaseClass.java:79)
at java.base/java.util.ArrayList.forEach(ArrayList.java:1511)
... Removed 40 stack frames]]>
    </failure>
  </testcase> <!-- @AfterMethod configureAfterMethod -->
  <testcase classname="studentManagementSystemGenericUtils.BaseClass" name="@AfterClass configureAfterClass" time="-1.685341093146E9">
    <skipped/>
  </testcase> <!-- @AfterClass configureAfterClass -->
  <testcase classname="com.edu.sms.teacher.VerifyTeacherInSubjectRotingPopupOfTimetablePage" name="verifyTeacher" time="22.674">
    <failure type="org.openqa.selenium.NoSuchElementException" message="Cannot locate option with value: Subject 1
For documentation on this error, please visit: https://selenium.dev/exceptions/#no_such_element
Build info: version: &amp;apos;4.9.0&amp;apos;, revision: &amp;apos;d7057100a6&amp;apos;
System info: os.name: &amp;apos;Windows 11&amp;apos;, os.arch: &amp;apos;amd64&amp;apos;, os.version: &amp;apos;10.0&amp;apos;, java.version: &amp;apos;17.0.7&amp;apos;
Driver info: driver.version: unknown">
      <![CDATA[org.openqa.selenium.NoSuchElementException: Cannot locate option with value: Subject 1
For documentation on this error, please visit: https://selenium.dev/exceptions/#no_such_element
Build info: version: '4.9.0', revision: 'd7057100a6'
System info: os.name: 'Windows 11', os.arch: 'amd64', os.version: '10.0', java.version: '17.0.7'
Driver info: driver.version: unknown
at org.openqa.selenium.support.ui.Select.findOptionsByValue(Select.java:291)
at org.openqa.selenium.support.ui.Select.selectByValue(Select.java:194)
at studentManagementSystemGenericUtils.WebdriverUtility.selectElementInDropdown(WebdriverUtility.java:136)
at Com.Edu.ObjectRepo.CommonComponents.selectSubject(CommonComponents.java:142)
at com.edu.sms.teacher.VerifyTeacherInSubjectRotingPopupOfTimetablePage.verifyTeacher(VerifyTeacherInSubjectRotingPopupOfTimetablePage.java:78)
at java.base/java.util.ArrayList.forEach(ArrayList.java:1511)
... Removed 27 stack frames]]>
    </failure>
  </testcase> <!-- verifyTeacher -->
  <testcase classname="com.edu.subjectrouting.VerifySubjectRouting" name="VerifySubjectRouting" time="16.574">
    <failure type="org.openqa.selenium.NoSuchElementException" message="Cannot locate option with value: Subject 1
For documentation on this error, please visit: https://selenium.dev/exceptions/#no_such_element
Build info: version: &amp;apos;4.9.0&amp;apos;, revision: &amp;apos;d7057100a6&amp;apos;
System info: os.name: &amp;apos;Windows 11&amp;apos;, os.arch: &amp;apos;amd64&amp;apos;, os.version: &amp;apos;10.0&amp;apos;, java.version: &amp;apos;17.0.7&amp;apos;
Driver info: driver.version: unknown">
      <![CDATA[org.openqa.selenium.NoSuchElementException: Cannot locate option with value: Subject 1
For documentation on this error, please visit: https://selenium.dev/exceptions/#no_such_element
Build info: version: '4.9.0', revision: 'd7057100a6'
System info: os.name: 'Windows 11', os.arch: 'amd64', os.version: '10.0', java.version: '17.0.7'
Driver info: driver.version: unknown
at org.openqa.selenium.support.ui.Select.findOptionsByValue(Select.java:291)
at org.openqa.selenium.support.ui.Select.selectByValue(Select.java:194)
at studentManagementSystemGenericUtils.WebdriverUtility.selectElementInDropdown(WebdriverUtility.java:136)
at Com.Edu.ObjectRepo.CommonComponents.selectSubject(CommonComponents.java:142)
at com.edu.subjectrouting.BusinessClassPage.addSubjectRouting(BusinessClassPage.java:19)
at com.edu.subjectrouting.VerifySubjectRouting.VerifySubjectRouting(VerifySubjectRouting.java:70)
at java.base/java.util.ArrayList.forEach(ArrayList.java:1511)
... Removed 27 stack frames]]>
    </failure>
  </testcase> <!-- VerifySubjectRouting -->
  <testcase classname="studentManagementSystemGenericUtils.BaseClass" name="@AfterSuite configureAfterSuite" time="0.0">
    <ignored/>
  </testcase> <!-- @AfterSuite configureAfterSuite -->
  <testcase classname="studentManagementSystemGenericUtils.BaseClass" name="@BeforeSuite configureBeforeSuite" time="0.0">
    <ignored/>
  </testcase> <!-- @BeforeSuite configureBeforeSuite -->
</testsuite> <!-- Test -->
